<?xml version="1.0" encoding="UTF-8"?>
<robot generator="Robot 6.1.1 (Python 3.11.7 on win32)" generated="20231207 15:12:50.026" rpa="false" schemaversion="4">
<suite id="s1" name="BasicSearch" source="C:\Users\Theo\Desktop\Robot Framework\Tests\eBay\BasicSearch.robot">
<test id="s1-t1" name="Verify basic search fonctionality for eBay" line="10">
<kw name="Start Test" library="CommonFunctionality">
<kw name="Open Browser" library="SeleniumLibrary">
<arg>${website_ebay}</arg>
<arg>${browser}</arg>
<doc>Opens a new browser instance to the optional ``url``.</doc>
<msg timestamp="20231207 15:12:50.875" level="INFO">Opening browser 'chrome' to base url 'https://www.ebay.com'.</msg>
<status status="PASS" starttime="20231207 15:12:50.874" endtime="20231207 15:13:00.481"/>
</kw>
<kw name="Maximize Browser Window" library="SeleniumLibrary">
<doc>Maximizes current browser window.</doc>
<status status="PASS" starttime="20231207 15:13:00.481" endtime="20231207 15:13:00.650"/>
</kw>
<status status="PASS" starttime="20231207 15:12:50.871" endtime="20231207 15:13:00.650"/>
</kw>
<kw name="Verify Search Results" library="eBay_UserDefinedKeywords">
<kw name="Input Text" library="SeleniumLibrary">
<arg>${search_input}</arg>
<arg>${search_text}</arg>
<doc>Types the given ``text`` into the text field identified by ``locator``.</doc>
<msg timestamp="20231207 15:13:00.654" level="INFO">Typing text 'mobile' into text field 'xpath://*[@id="gh-ac"]'.</msg>
<status status="PASS" starttime="20231207 15:13:00.653" endtime="20231207 15:13:00.848"/>
</kw>
<kw name="Press Keys" library="SeleniumLibrary">
<arg>${search_btn}</arg>
<arg>RETURN</arg>
<doc>Simulates the user pressing key(s) to an element or on the active browser.</doc>
<msg timestamp="20231207 15:13:00.848" level="INFO">Sending key(s) ('RETURN',) to xpath://*[@id="gh-btn"] element.</msg>
<msg timestamp="20231207 15:13:04.810" level="INFO">Pressing special key RETURN to element.</msg>
<msg timestamp="20231207 15:13:04.810" level="INFO">Releasing special key RETURN.</msg>
<status status="PASS" starttime="20231207 15:13:00.848" endtime="20231207 15:13:04.821"/>
</kw>
<kw name="Page Should Contain" library="SeleniumLibrary">
<arg>results for ${search_text}</arg>
<doc>Verifies that current page contains ``text``.</doc>
<msg timestamp="20231207 15:13:04.857" level="INFO">Current page contains text 'results for mobile'.</msg>
<status status="PASS" starttime="20231207 15:13:04.821" endtime="20231207 15:13:04.857"/>
</kw>
<status status="PASS" starttime="20231207 15:13:00.652" endtime="20231207 15:13:04.857"/>
</kw>
<kw name="Finish Test" library="CommonFunctionality">
<kw name="Close Browser" library="SeleniumLibrary">
<doc>Closes the current browser.</doc>
<status status="PASS" starttime="20231207 15:13:04.857" endtime="20231207 15:13:07.167"/>
</kw>
<status status="PASS" starttime="20231207 15:13:04.857" endtime="20231207 15:13:07.167"/>
</kw>
<doc>This test case verifies the basic search</doc>
<tag>Functional</tag>
<status status="PASS" starttime="20231207 15:12:50.864" endtime="20231207 15:13:07.167"/>
</test>
<doc>Basic Search Functionality</doc>
<status status="PASS" starttime="20231207 15:12:50.050" endtime="20231207 15:13:07.167"/>
</suite>
<statistics>
<total>
<stat pass="1" fail="0" skip="0">All Tests</stat>
</total>
<tag>
<stat pass="1" fail="0" skip="0">Functional</stat>
</tag>
<suite>
<stat pass="1" fail="0" skip="0" id="s1" name="BasicSearch">BasicSearch</stat>
</suite>
</statistics>
<errors>
</errors>
</robot>
